<!-- Report from ReportGenerator by Daniel Palme. Licenced under Apache License Version 2.0, January 2004 -->
<?xml version="1.0" encoding="UTF-8"?>
<!DOCTYPE coverage SYSTEM "http://cobertura.sourceforge.net/xml/coverage-04.dtd">
<coverage line-rate="0.09259259" branch-rate="0" version="" timestamp="1788244531141" lines-covered="15" lines-valid="162" branches-covered="0" branches-valid="0" complexity="0">
  <sources>
    <source>/home/seb/repos/uncovered</source>
  </sources>
  <packages>
    <package name="uncovered/cli" line-rate="0" branch-rate="0" complexity="0">
      <classes>
        <class name="stringList" filename="cli/main.go" line-rate="0" branch-rate="0" complexity="0">
          <methods>
            <method name="String" signature="" line-rate="0" branch-rate="0" complexity="0">
              <lines>
                <line number="16" hits="0"></line>
                <line number="17" hits="0"></line>
                <line number="18" hits="0"></line>
                <line number="19" hits="0"></line>
                <line number="20" hits="0"></line>
              </lines>
            </method>
            <method name="Set" signature="" line-rate="0" branch-rate="0" complexity="0">
              <lines>
                <line number="23" hits="0"></line>
                <line number="24" hits="0"></line>
                <line number="25" hits="0"></line>
                <line number="26" hits="0"></line>
                <line number="27" hits="0"></line>
                <line number="28" hits="0"></line>
              </lines>
            </method>
          </methods>
          <lines>
            <line number="16" hits="0"></line>
            <line number="17" hits="0"></line>
            <line number="18" hits="0"></line>
            <line number="19" hits="0"></line>
            <line number="20" hits="0"></line>
            <line number="23" hits="0"></line>
            <line number="24" hits="0"></line>
            <line number="25" hits="0"></line>
            <line number="26" hits="0"></line>
            <line number="27" hits="0"></line>
            <line number="28" hits="0"></line>
          </lines>
        </class>
        <class name="-" filename="cli/main.go" line-rate="0" branch-rate="0" complexity="0">
          <methods>
            <method name="NewConfigFromCLI" signature="" line-rate="0" branch-rate="0" complexity="0">
              <lines>
                <line number="32" hits="0"></line>
                <line number="33" hits="0"></line>
                <line number="34" hits="0"></line>
                <line number="35" hits="0"></line>
                <line number="36" hits="0"></line>
                <line number="37" hits="0"></line>
                <line number="38" hits="0"></line>
                <line number="39" hits="0"></line>
                <line number="40" hits="0"></line>
                <line number="41" hits="0"></line>
                <line number="42" hits="0"></line>
                <line number="43" hits="0"></line>
                <line number="44" hits="0"></line>
                <line number="45" hits="0"></line>
                <line number="46" hits="0"></line>
                <line number="47" hits="0"></line>
                <line number="48" hits="0"></line>
                <line number="49" hits="0"></line>
                <line number="50" hits="0"></line>
                <line number="51" hits="0"></line>
                <line number="54" hits="0"></line>
                <line number="55" hits="0"></line>
                <line number="56" hits="0"></line>
                <line number="57" hits="0"></line>
                <line number="58" hits="0"></line>
                <line number="59" hits="0"></line>
                <line number="60" hits="0"></line>
                <line number="61" hits="0"></line>
                <line number="62" hits="0"></line>
                <line number="63" hits="0"></line>
                <line number="64" hits="0"></line>
                <line number="65" hits="0"></line>
                <line number="66" hits="0"></line>
                <line number="69" hits="0"></line>
              </lines>
            </method>
          </methods>
          <lines>
            <line number="32" hits="0"></line>
            <line number="33" hits="0"></line>
            <line number="34" hits="0"></line>
            <line number="35" hits="0"></line>
            <line number="36" hits="0"></line>
            <line number="37" hits="0"></line>
            <line number="38" hits="0"></line>
            <line number="39" hits="0"></line>
            <line number="40" hits="0"></line>
            <line number="41" hits="0"></line>
            <line number="42" hits="0"></line>
            <line number="43" hits="0"></line>
            <line number="44" hits="0"></line>
            <line number="45" hits="0"></line>
            <line number="46" hits="0"></line>
            <line number="47" hits="0"></line>
            <line number="48" hits="0"></line>
            <line number="49" hits="0"></line>
            <line number="50" hits="0"></line>
            <line number="51" hits="0"></line>
            <line number="54" hits="0"></line>
            <line number="55" hits="0"></line>
            <line number="56" hits="0"></line>
            <line number="57" hits="0"></line>
            <line number="58" hits="0"></line>
            <line number="59" hits="0"></line>
            <line number="60" hits="0"></line>
            <line number="61" hits="0"></line>
            <line number="62" hits="0"></line>
            <line number="63" hits="0"></line>
            <line number="64" hits="0"></line>
            <line number="65" hits="0"></line>
            <line number="66" hits="0"></line>
            <line number="69" hits="0"></line>
          </lines>
        </class>
      </classes>
    </package>
    <package name="uncovered" line-rate="0" branch-rate="0" complexity="0">
      <classes>
        <class name="-" filename="main.go" line-rate="0" branch-rate="0" complexity="0">
          <methods>
            <method name="main" signature="" line-rate="0" branch-rate="0" complexity="0">
              <lines>
                <line number="16" hits="0"></line>
                <line number="17" hits="0"></line>
                <line number="18" hits="0"></line>
                <line number="19" hits="0"></line>
                <line number="20" hits="0"></line>
                <line number="21" hits="0"></line>
                <line number="22" hits="0"></line>
                <line number="23" hits="0"></line>
                <line number="24" hits="0"></line>
                <line number="26" hits="0"></line>
                <line number="27" hits="0"></line>
                <line number="28" hits="0"></line>
                <line number="29" hits="0"></line>
                <line number="30" hits="0"></line>
                <line number="31" hits="0"></line>
                <line number="32" hits="0"></line>
                <line number="33" hits="0"></line>
                <line number="34" hits="0"></line>
                <line number="35" hits="0"></line>
                <line number="36" hits="0"></line>
                <line number="38" hits="0"></line>
                <line number="39" hits="0"></line>
                <line number="40" hits="0"></line>
                <line number="41" hits="0"></line>
                <line number="42" hits="0"></line>
              </lines>
            </method>
          </methods>
          <lines>
            <line number="16" hits="0"></line>
            <line number="17" hits="0"></line>
            <line number="18" hits="0"></line>
            <line number="19" hits="0"></line>
            <line number="20" hits="0"></line>
            <line number="21" hits="0"></line>
            <line number="22" hits="0"></line>
            <line number="23" hits="0"></line>
            <line number="24" hits="0"></line>
            <line number="26" hits="0"></line>
            <line number="27" hits="0"></line>
            <line number="28" hits="0"></line>
            <line number="29" hits="0"></line>
            <line number="30" hits="0"></line>
            <line number="31" hits="0"></line>
            <line number="32" hits="0"></line>
            <line number="33" hits="0"></line>
            <line number="34" hits="0"></line>
            <line number="35" hits="0"></line>
            <line number="36" hits="0"></line>
            <line number="38" hits="0"></line>
            <line number="39" hits="0"></line>
            <line number="40" hits="0"></line>
            <line number="41" hits="0"></line>
            <line number="42" hits="0"></line>
          </lines>
        </class>
      </classes>
    </package>
    <package name="uncovered/pkg/filtering" line-rate="1" branch-rate="0" complexity="0">
      <classes>
        <class name="-" filename="pkg/filtering/filtering.go" line-rate="1" branch-rate="0" complexity="0">
          <methods>
            <method name="FilterForFiles" signature="" line-rate="1" branch-rate="0" complexity="0">
              <lines>
                <line number="7" hits="124"></line>
                <line number="8" hits="747"></line>
                <line number="9" hits="850"></line>
                <line number="10" hits="227"></line>
                <line number="11" hits="227"></line>
                <line number="12" hits="745"></line>
                <line number="13" hits="349"></line>
                <line number="14" hits="349"></line>
                <line number="15" hits="47"></line>
              </lines>
            </method>
            <method name="matchOneOf" signature="" line-rate="1" branch-rate="0" complexity="0">
              <lines>
                <line number="19" hits="938"></line>
                <line number="20" hits="3700"></line>
                <line number="21" hits="3450"></line>
                <line number="22" hits="688"></line>
                <line number="23" hits="688"></line>
                <line number="25" hits="250"></line>
              </lines>
            </method>
          </methods>
          <lines>
            <line number="7" hits="124"></line>
            <line number="8" hits="747"></line>
            <line number="9" hits="850"></line>
            <line number="10" hits="227"></line>
            <line number="11" hits="227"></line>
            <line number="12" hits="745"></line>
            <line number="13" hits="349"></line>
            <line number="14" hits="349"></line>
            <line number="15" hits="47"></line>
            <line number="19" hits="938"></line>
            <line number="20" hits="3700"></line>
            <line number="21" hits="3450"></line>
            <line number="22" hits="688"></line>
            <line number="23" hits="688"></line>
            <line number="25" hits="250"></line>
          </lines>
        </class>
      </classes>
    </package>
    <package name="uncovered/pkg/parsing" line-rate="0" branch-rate="0" complexity="0">
      <classes>
        <class name="-" filename="pkg/parsing/cobertura.go" line-rate="0" branch-rate="0" complexity="0">
          <methods>
            <method name="ParseCobertura" signature="" line-rate="0" branch-rate="0" complexity="0">
              <lines>
                <line number="27" hits="0"></line>
                <line number="28" hits="0"></line>
                <line number="29" hits="0"></line>
                <line number="30" hits="0"></line>
                <line number="31" hits="0"></line>
                <line number="32" hits="0"></line>
                <line number="33" hits="0"></line>
                <line number="34" hits="0"></line>
                <line number="35" hits="0"></line>
                <line number="36" hits="0"></line>
                <line number="41" hits="0"></line>
                <line number="42" hits="0"></line>
                <line number="43" hits="0"></line>
                <line number="44" hits="0"></line>
                <line number="45" hits="0"></line>
                <line number="46" hits="0"></line>
                <line number="47" hits="0"></line>
                <line number="48" hits="0"></line>
                <line number="49" hits="0"></line>
                <line number="50" hits="0"></line>
                <line number="51" hits="0"></line>
                <line number="56" hits="0"></line>
                <line number="57" hits="0"></line>
                <line number="58" hits="0"></line>
                <line number="59" hits="0"></line>
                <line number="60" hits="0"></line>
                <line number="61" hits="0"></line>
                <line number="62" hits="0"></line>
                <line number="63" hits="0"></line>
                <line number="65" hits="0"></line>
                <line number="66" hits="0"></line>
                <line number="67" hits="0"></line>
                <line number="68" hits="0"></line>
                <line number="69" hits="0"></line>
                <line number="71" hits="0"></line>
                <line number="72" hits="0"></line>
                <line number="73" hits="0"></line>
                <line number="77" hits="0"></line>
              </lines>
            </method>
          </methods>
          <lines>
            <line number="27" hits="0"></line>
            <line number="28" hits="0"></line>
            <line number="29" hits="0"></line>
            <line number="30" hits="0"></line>
            <line number="31" hits="0"></line>
            <line number="32" hits="0"></line>
            <line number="33" hits="0"></line>
            <line number="34" hits="0"></line>
            <line number="35" hits="0"></line>
            <line number="36" hits="0"></line>
            <line number="41" hits="0"></line>
            <line number="42" hits="0"></line>
            <line number="43" hits="0"></line>
            <line number="44" hits="0"></line>
            <line number="45" hits="0"></line>
            <line number="46" hits="0"></line>
            <line number="47" hits="0"></line>
            <line number="48" hits="0"></line>
            <line number="49" hits="0"></line>
            <line number="50" hits="0"></line>
            <line number="51" hits="0"></line>
            <line number="56" hits="0"></line>
            <line number="57" hits="0"></line>
            <line number="58" hits="0"></line>
            <line number="59" hits="0"></line>
            <line number="60" hits="0"></line>
            <line number="61" hits="0"></line>
            <line number="62" hits="0"></line>
            <line number="63" hits="0"></line>
            <line number="65" hits="0"></line>
            <line number="66" hits="0"></line>
            <line number="67" hits="0"></line>
            <line number="68" hits="0"></line>
            <line number="69" hits="0"></line>
            <line number="71" hits="0"></line>
            <line number="72" hits="0"></line>
            <line number="73" hits="0"></line>
            <line number="77" hits="0"></line>
          </lines>
        </class>
      </classes>
    </package>
    <package name="uncovered/pkg/rendering" line-rate="0" branch-rate="0" complexity="0">
      <classes>
        <class name="-" filename="pkg/rendering/terminal.go" line-rate="0" branch-rate="0" complexity="0">
          <methods>
            <method name="RenderTerminal" signature="" line-rate="0" branch-rate="0" complexity="0">
              <lines>
                <line number="24" hits="0"></line>
                <line number="25" hits="0"></line>
                <line number="26" hits="0"></line>
                <line number="27" hits="0"></line>
                <line number="28" hits="0"></line>
                <line number="29" hits="0"></line>
                <line number="30" hits="0"></line>
                <line number="31" hits="0"></line>
                <line number="32" hits="0"></line>
                <line number="33" hits="0"></line>
                <line number="34" hits="0"></line>
                <line number="35" hits="0"></line>
                <line number="36" hits="0"></line>
                <line number="37" hits="0"></line>
                <line number="38" hits="0"></line>
                <line number="39" hits="0"></line>
                <line number="40" hits="0"></line>
                <line number="41" hits="0"></line>
                <line number="42" hits="0"></line>
                <line number="43" hits="0"></line>
                <line number="44" hits="0"></line>
                <line number="45" hits="0"></line>
                <line number="46" hits="0"></line>
                <line number="47" hits="0"></line>
                <line number="48" hits="0"></line>
                <line number="49" hits="0"></line>
                <line number="50" hits="0"></line>
                <line number="51" hits="0"></line>
                <line number="52" hits="0"></line>
                <line number="53" hits="0"></line>
                <line number="57" hits="0"></line>
                <line number="58" hits="0"></line>
                <line number="59" hits="0"></line>
                <line number="60" hits="0"></line>
                <line number="61" hits="0"></line>
                <line number="63" hits="0"></line>
                <line number="64" hits="0"></line>
                <line number="65" hits="0"></line>
                <line number="67" hits="0"></line>
              </lines>
            </method>
          </methods>
          <lines>
            <line number="24" hits="0"></line>
            <line number="25" hits="0"></line>
            <line number="26" hits="0"></line>
            <line number="27" hits="0"></line>
            <line number="28" hits="0"></line>
            <line number="29" hits="0"></line>
            <line number="30" hits="0"></line>
            <line number="31" hits="0"></line>
            <line number="32" hits="0"></line>
            <line number="33" hits="0"></line>
            <line number="34" hits="0"></line>
            <line number="35" hits="0"></line>
            <line number="36" hits="0"></line>
            <line number="37" hits="0"></line>
            <line number="38" hits="0"></line>
            <line number="39" hits="0"></line>
            <line number="40" hits="0"></line>
            <line number="41" hits="0"></line>
            <line number="42" hits="0"></line>
            <line number="43" hits="0"></line>
            <line number="44" hits="0"></line>
            <line number="45" hits="0"></line>
            <line number="46" hits="0"></line>
            <line number="47" hits="0"></line>
            <line number="48" hits="0"></line>
            <line number="49" hits="0"></line>
            <line number="50" hits="0"></line>
            <line number="51" hits="0"></line>
            <line number="52" hits="0"></line>
            <line number="53" hits="0"></line>
            <line number="57" hits="0"></line>
            <line number="58" hits="0"></line>
            <line number="59" hits="0"></line>
            <line number="60" hits="0"></line>
            <line number="61" hits="0"></line>
            <line number="63" hits="0"></line>
            <line number="64" hits="0"></line>
            <line number="65" hits="0"></line>
            <line number="67" hits="0"></line>
          </lines>
        </class>
      </classes>
    </package>
  </packages>
</coverage>
